Using pre-set license
Built from '2022.3/staging' branch; Version is '2022.3.11f1 (d00248457e15) revision 13632072'; Using compiler version '192829333'; Build Type 'Release'
OS: 'Windows 11  (10.0.22621) 64bit Core' Language: 'en' Physical Memory: 65440 MB
BatchMode: 1, IsHumanControllingUs: 0, StartBugReporterOnCrash: 0, Is64bit: 1, IsPro: 1

COMMAND LINE ARGUMENTS:
D:\Program Files\Unity Hub\2022.3.11f1\Editor\Unity.exe
-adb2
-batchMode
-noUpm
-name
AssetImportWorker26
-projectPath
F:/Mech Wars/Mech Wars
-logFile
Logs/AssetImportWorker26.log
-srvPort
60980
Successfully changed project path to: F:/Mech Wars/Mech Wars
F:/Mech Wars/Mech Wars
[UnityMemory] Configuration Parameters - Can be set up in boot.config
    "memorysetup-bucket-allocator-granularity=16"
    "memorysetup-bucket-allocator-bucket-count=8"
    "memorysetup-bucket-allocator-block-size=33554432"
    "memorysetup-bucket-allocator-block-count=8"
    "memorysetup-main-allocator-block-size=16777216"
    "memorysetup-thread-allocator-block-size=16777216"
    "memorysetup-gfx-main-allocator-block-size=16777216"
    "memorysetup-gfx-thread-allocator-block-size=16777216"
    "memorysetup-cache-allocator-block-size=4194304"
    "memorysetup-typetree-allocator-block-size=2097152"
    "memorysetup-profiler-bucket-allocator-granularity=16"
    "memorysetup-profiler-bucket-allocator-bucket-count=8"
    "memorysetup-profiler-bucket-allocator-block-size=33554432"
    "memorysetup-profiler-bucket-allocator-block-count=8"
    "memorysetup-profiler-allocator-block-size=16777216"
    "memorysetup-profiler-editor-allocator-block-size=1048576"
    "memorysetup-temp-allocator-size-main=16777216"
    "memorysetup-job-temp-allocator-block-size=2097152"
    "memorysetup-job-temp-allocator-block-size-background=1048576"
    "memorysetup-job-temp-allocator-reduction-small-platforms=262144"
    "memorysetup-allocator-temp-initial-block-size-main=262144"
    "memorysetup-allocator-temp-initial-block-size-worker=262144"
    "memorysetup-temp-allocator-size-background-worker=32768"
    "memorysetup-temp-allocator-size-job-worker=262144"
    "memorysetup-temp-allocator-size-preload-manager=33554432"
    "memorysetup-temp-allocator-size-nav-mesh-worker=65536"
    "memorysetup-temp-allocator-size-audio-worker=65536"
    "memorysetup-temp-allocator-size-cloud-worker=32768"
    "memorysetup-temp-allocator-size-gi-baking-worker=262144"
    "memorysetup-temp-allocator-size-gfx=262144"
Player connection [46860] Host "[IP] 192.168.1.45 [Port] 0 [Flags] 2 [Guid] 1177235206 [EditorId] 1177235206 [Version] 1048832 [Id] WindowsEditor(7,Erics-Desktop) [Debug] 1 [PackageName] WindowsEditor [ProjectName] Editor" joined multi-casting on [225.0.0.222:54997]...

Player connection [46860] Host "[IP] 192.168.1.45 [Port] 0 [Flags] 2 [Guid] 1177235206 [EditorId] 1177235206 [Version] 1048832 [Id] WindowsEditor(7,Erics-Desktop) [Debug] 1 [PackageName] WindowsEditor [ProjectName] Editor" joined alternative multi-casting on [225.0.0.222:34997]...

[Physics::Module] Initialized MultithreadedJobDispatcher with 31 workers.
Refreshing native plugins compatible for Editor in 7.42 ms, found 3 plugins.
Preloading 0 native plugins for Editor in 0.00 ms.
Initialize engine version: 2022.3.11f1 (d00248457e15)
[Subsystems] Discovering subsystems at path D:/Program Files/Unity Hub/2022.3.11f1/Editor/Data/Resources/UnitySubsystems
[Subsystems] Discovering subsystems at path F:/Mech Wars/Mech Wars/Assets
GfxDevice: creating device client; threaded=0; jobified=0
Direct3D:
    Version:  Direct3D 11.0 [level 11.1]
    Renderer: AMD Radeon RX 6800 XT (ID=0x73bf)
    Vendor:   ATI
    VRAM:     16338 MB
    Driver:   31.0.12027.9001
Initialize mono
Mono path[0] = 'D:/Program Files/Unity Hub/2022.3.11f1/Editor/Data/Managed'
Mono path[1] = 'D:/Program Files/Unity Hub/2022.3.11f1/Editor/Data/MonoBleedingEdge/lib/mono/unityjit-win32'
Mono config path = 'D:/Program Files/Unity Hub/2022.3.11f1/Editor/Data/MonoBleedingEdge/etc'
Using monoOptions --debugger-agent=transport=dt_socket,embedding=1,server=y,suspend=n,address=127.0.0.1:56532
Begin MonoManager ReloadAssembly
Registering precompiled unity dll's ...
Register platform support module: D:/Program Files/Unity Hub/2022.3.11f1/Editor/Data/PlaybackEngines/WebGLSupport/UnityEditor.WebGL.Extensions.dll
Register platform support module: D:/Program Files/Unity Hub/2022.3.11f1/Editor/Data/PlaybackEngines/WindowsStandaloneSupport/UnityEditor.WindowsStandalone.Extensions.dll
Registered in 0.005239 seconds.
- Loaded All Assemblies, in  0.349 seconds
Native extension for WindowsStandalone target not found
Native extension for WebGL target not found
Mono: successfully reloaded assembly
- Finished resetting the current domain, in  0.230 seconds
Domain Reload Profiling: 577ms
	BeginReloadAssembly (114ms)
		ExecutionOrderSort (0ms)
		DisableScriptedObjects (0ms)
		BackupInstance (0ms)
		ReleaseScriptingObjects (0ms)
		CreateAndSetChildDomain (1ms)
	RebuildCommonClasses (36ms)
	RebuildNativeTypeToScriptingClass (10ms)
	initialDomainReloadingComplete (48ms)
	LoadAllAssembliesAndSetupDomain (138ms)
		LoadAssemblies (111ms)
		RebuildTransferFunctionScriptingTraits (0ms)
		AnalyzeDomain (136ms)
			TypeCache.Refresh (134ms)
				TypeCache.ScanAssembly (121ms)
			ScanForSourceGeneratedMonoScriptInfo (0ms)
			ResolveRequiredComponents (1ms)
	FinalizeReload (230ms)
		ReleaseScriptCaches (0ms)
		RebuildScriptCaches (0ms)
		SetupLoadedEditorAssemblies (171ms)
			LogAssemblyErrors (0ms)
			InitializePlatformSupportModulesInManaged (9ms)
			SetLoadedEditorAssemblies (4ms)
			RefreshPlugins (0ms)
			BeforeProcessingInitializeOnLoad (2ms)
			ProcessInitializeOnLoadAttributes (116ms)
			ProcessInitializeOnLoadMethodAttributes (40ms)
			AfterProcessingInitializeOnLoad (0ms)
			EditorAssembliesLoaded (0ms)
		ExecutionOrderSort2 (0ms)
		AwakeInstancesAfterBackupRestoration (0ms)
========================================================================
Worker process is ready to serve import requests
Begin MonoManager ReloadAssembly
- Loaded All Assemblies, in  0.661 seconds
Refreshing native plugins compatible for Editor in 1.93 ms, found 3 plugins.
Native extension for WindowsStandalone target not found
Native extension for WebGL target not found
Package Manager log level set to [2]
[Package Manager] Server::EnsureServerProcessIsRunning -- launch failed, reason: Unity was launched with the -noUpm command-line argument
[Package Manager] UpmClient::Send -- Unable to send message (not connected to UPM process).
[Package Manager] Cannot connect to Unity Package Manager local server
Mono: successfully reloaded assembly
- Finished resetting the current domain, in  0.696 seconds
Domain Reload Profiling: 1354ms
	BeginReloadAssembly (126ms)
		ExecutionOrderSort (0ms)
		DisableScriptedObjects (5ms)
		BackupInstance (0ms)
		ReleaseScriptingObjects (0ms)
		CreateAndSetChildDomain (19ms)
	RebuildCommonClasses (27ms)
	RebuildNativeTypeToScriptingClass (9ms)
	initialDomainReloadingComplete (46ms)
	LoadAllAssembliesAndSetupDomain (450ms)
		LoadAssemblies (294ms)
		RebuildTransferFunctionScriptingTraits (0ms)
		AnalyzeDomain (226ms)
			TypeCache.Refresh (186ms)
				TypeCache.ScanAssembly (172ms)
			ScanForSourceGeneratedMonoScriptInfo (29ms)
			ResolveRequiredComponents (10ms)
	FinalizeReload (696ms)
		ReleaseScriptCaches (0ms)
		RebuildScriptCaches (0ms)
		SetupLoadedEditorAssemblies (532ms)
			LogAssemblyErrors (0ms)
			InitializePlatformSupportModulesInManaged (5ms)
			SetLoadedEditorAssemblies (4ms)
			RefreshPlugins (0ms)
			BeforeProcessingInitializeOnLoad (73ms)
			ProcessInitializeOnLoadAttributes (378ms)
			ProcessInitializeOnLoadMethodAttributes (66ms)
			AfterProcessingInitializeOnLoad (6ms)
			EditorAssembliesLoaded (0ms)
		ExecutionOrderSort2 (0ms)
		AwakeInstancesAfterBackupRestoration (7ms)
Launched and connected shader compiler UnityShaderCompiler.exe after 0.25 seconds
Refreshing native plugins compatible for Editor in 2.15 ms, found 3 plugins.
Preloading 0 native plugins for Editor in 0.00 ms.
Unloading 6287 Unused Serialized files (Serialized files now loaded: 0)
Unloading 105 unused Assets / (1.8 MB). Loaded Objects now: 6741.
Memory consumption went from 330.5 MB to 328.7 MB.
Total: 4.172200 ms (FindLiveObjects: 0.420800 ms CreateObjectMapping: 0.330300 ms MarkObjects: 2.994400 ms  DeleteObjects: 0.425900 ms)

AssetImportParameters requested are different than current active one (requested -> active):
  custom:scripting/monoscript/fileName/JsonDataService.cs: e60860cdad46bb199939d2bb6e3da4b1 -> f026935cf7a6dba9e3af1d1b9b2dc7c4
  custom:container-demuxer-ogg: 62fdf1f143b41e24485cea50d1cbac27 -> 
  custom:scripting/monoscript/fileName/Gun Pickups.cs: 9e472622ee0d7b819495691ef02efee1 -> 
  custom:scripting/monoscript/fileName/GunScriptableObjectEditor.cs: a585e75eb7c08c1af5858952c3814444 -> d95f31c758e90103fdc74c4c7a937e2f
  custom:scripting/monoscript/fileName/ICollisionHandler.cs: 4fddd33d4f279082ce82d181e5ec7673 -> bc2a295fbaa33835a2aefa809827fc03
  custom:scripting/monoscript/fileName/DeathDestroyCallback.cs: ae6498255b9de1a2e55d99d9ccd684cb -> 1ab99ba805b232e57432bd14b9fa991e
  custom:scripting/monoscript/fileName/Surface.cs: 95094f06edf3ebe24d74b052e4a43297 -> 68534428341647e57d6a181bef022969
  custom:scripting/monoscript/fileName/Ammo Config Scriptable Object.cs: 47f4dbaa36ba40d5ba799bb91c2c31e4 -> 
  custom:scripting/monoscript/fileName/SurfaceEffect.cs: 1dc51154a812101a5576d3bca2073c09 -> 22399b4309ab5cc2c85ddfaa6d6eac80
  custom:video-decoder-ogg-theora: a1e56fd34408186e4bbccfd4996cb3dc -> 
  custom:scripting/monoscript/fileName/FloatModifier.cs: e21a32c39ce2968825ff4400d41cdfa3 -> 2ca6406414b81d5610d5ab0b32c7456e
  custom:scripting/monoscript/fileName/AudioConfigScriptableObject.cs: 836c8db00b4bd829500dcba3f8e41cd8 -> ae34c94c52e8b47652c466c4811b9213
  custom:framework-win-MediaFoundation: 216162199b28c13a410421893ffa2e32 -> 
  custom:scripting/monoscript/fileName/GunScriptableObject.cs: 41c2704e31df92477cdbd4e4393dbb20 -> 8d5ca171cca37eb27e314efb03a86a50
  custom:scripting/monoscript/fileName/PlayerIK.cs: 792bc7fe915be3ef2af8363b52efc6ae -> 
  custom:scripting/monoscript/fileName/ISlowable.cs: 8f8f4c84fd22bb033939350dec359cf9 -> 910fb311f0185ed5788b4ccc07f23c1e
  custom:scripting/monoscript/fileName/EnemyHealth.cs: 110f063c9f7758b0c01a2919c5697336 -> b9251a5d81940ca7b22404cbfa9defa9
  custom:scripting/monoscript/fileName/ImpactEffectReplacementModifier.cs: b255265f86535fb4bb51a450cb2346d6 -> 336b1f7f3449579bc473205c578d6969
  custom:scripting/monoscript/fileName/GunModifierApplier.cs: 01b3a478c3cf06e8ead2ad699bb48f38 -> 8cfe49117fbd0a2f3db11d43006a3845
  custom:scripting/monoscript/fileName/ImpactTypeModifier.cs: b7d28ee1e1cad5e1d9c8d3f476f303bd -> f35d8719a942215bfb5f389dc0e63e4f
  custom:scripting/monoscript/fileName/DamageModifier.cs: ebb190d66dc569c62451fe4369c612e2 -> 7ae3f6046c277141eb81de0c917c9a8a
  custom:scripting/monoscript/fileName/PoolableObject.cs: c67b0f9f0ce5fd450e4aec3442b199b8 -> d154161691f6fc8ba9ff3c098c6dbddb
  custom:CustomObjectIndexerAttribute: d54d2f2da18e7612c182cf67624b6b12 -> 
  custom:scripting/monoscript/fileName/Vector3Modifier.cs: 52a59b446dc5ac56aa228ae45aa2f70a -> bfc4555fa65faeb3c7244482398dcf65
  custom:scripting/monoscript/fileName/TrailConfigScriptableObjectPropertyDrawer.cs: f47142f68a516040725c0393d7fd4858 -> a6551f7c063b00f56d8ab78d811d1e07
  custom:container-demuxer-webm: 4f35f7cbe854078d1ac9338744f61a02 -> 
  custom:scripting/monoscript/fileName/Abstract Value Modifier.cs: baf4ef768c5dac2c62db840a5127318e -> 
  custom:scripting/monoscript/fileName/Shoot Configuration Scriptable Object.cs: 42f0866e786a2fb5d19ee20de245a7f3 -> 
  custom:scripting/monoscript/fileName/Explode.cs: 546a5bb4e87e9dc75b694aec300a0c04 -> f1e719c4bae748595307d9c3fb58bbe6
  custom:scripting/monoscript/fileName/Utilities.cs: a0d84f982f1be314ccfebfc0110364af -> 4afc183a3f6c3e542da5a596c51f3a5b
  custom:scripting/monoscript/fileName/BulletProjectile.cs: 9889cdb978cda4373ee9d166c1f5f3f3 -> 
  custom:scripting/monoscript/fileName/I Damageable.cs: e64f76ace9702e1e0c6016368cb48d14 -> 
  custom:scripting/monoscript/fileName/Attachment.cs: 9c6b29555d89d3d438c699e6eea7e550 -> f14c8e261d2f48dfc50e1dcf14907d6c
  custom:scripting/monoscript/fileName/Gun Scriptable Object.cs: cd2f82d16dcb6520f6c567afe8eadc05 -> 
  custom:container-muxer-webm: aa71ff27fc2769a1b78a27578f13a17b -> 
  custom:scripting/monoscript/fileName/SurfaceManager.cs: 0aa3a33e77ffb9a3a1febbc528489e42 -> ae37eca1708437b07d63e32da8638631
  custom:scripting/monoscript/fileName/BulletPenetrationConfigScriptableObject.cs: 062e0db62b1ed46051ec232e0da81c6d -> 208dca35e535256e6afe9ba44a5bf9f8
  custom:scripting/monoscript/fileName/ObjectPool.cs: 44ef958af71a66d860d582ad3e685c6a -> 90647cc400823b41df847a6cbfc29026
  custom:scripting/monoscript/fileName/Damage Config Scriptable Object.cs: 798dd4f821239c25e70c6353cb43e333 -> 
  custom:video-decoder-webm-vp8: 9c59270c3fd7afecdb556c50c9e8de78 -> 
  custom:scripting/monoscript/fileName/ScriptableObjectCreator.cs: a53f96815da50de15010b1c479bc70cf -> 0cdf409b5aa8d4c25876d72b5c6a3b60
  custom:scripting/monoscript/fileName/DamageConfigScriptableObject.cs: 0039fd9f12f1ee0bc0f5340b7c3d9ee2 -> 1545e92f9f42224b115b39359d2d50d1
  custom:scripting/monoscript/fileName/Frost.cs: e29bf70ad1f8b5d39f626a74ea37fbd8 -> 9d0e38dc4a3c61ed288ff64fcf1f7e53
  custom:scripting/monoscript/fileName/ShootConfigScriptableObjectPropertyDrawer.cs: 4ae7adb550f517cb69dca69bb057c0bd -> 29cecd7d900c3283a58b0a28f6fc69e1
  custom:scripting/monoscript/fileName/AmmoPickup.cs: 2166c5ddd871b1850292b42ab1efacad -> e9b098d793782e784f0b1b53967be096
  custom:scripting/monoscript/fileName/PlayerGunSelector.cs: 009e1c50d972f1af86c893092ffca3b6 -> 9b8cb64b313cb9101d92a2ef23584f8e
  custom:SearchIndexIgnoredProperties: e643bd26f0fe6173181afceb89e7c659 -> 
  custom:scripting/monoscript/fileName/LookAtIK.cs: b7e5a0d94fd76df4edf086470fbac08e -> 
  custom:AudioImporter_EditorPlatform: d09bf68614088b80899f8185d706f6e7 -> 
  custom:scripting/monoscript/fileName/Bullet Penetration Config Scriptable Object.cs: 39c4b8c98635c7417f1c548cc1364b9c -> 
  custom:scripting/monoscript/fileName/IDataService.cs: 96364535b02cdd3dfa8d5d96b624ab89 -> 4ee93f2f1765e685fb151faf12aa910f
  custom:scripting/monoscript/fileName/SpawnParticleSystemOnDeath.cs: a25b8e12f2fe1e45b8dec54f01b26d7d -> de8cba89e7c38ca5f1eec36695e5a4e4
  custom:scripting/monoscript/fileName/ShootConfigScriptableObject.cs: 1c61ce1b12590eb66f38fc8a8f518560 -> cef5da2a0f72f19fa395b7ae907347be
  custom:scripting/monoscript/fileName/SimpleClickToShoot.cs: 6dd4e8839ce685b356e641b0afe2772e -> 
  custom:scripting/monoscript/fileName/Loadout.cs: 75999a4c27e6c570d3c7091cb2534c01 -> 7571a00536551ddf5e6ec9da988c2f74
  custom:scripting/monoscript/fileName/EnemyPainResponse.cs: 6faafa6c7d56adba697a418f94e907bb -> 2787749355392ec54f69294aef66088f
  custom:scripting/monoscript/fileName/AttachmentSlot.cs: 0440d824fd02ed1656330a0bc8b36da6 -> cdea3bb153e645e467a7903a24ec61af
  custom:scripting/monoscript/fileName/PlayerActionEditor.cs: 958d39d02f1073431df39c1b14352c36 -> 9f18f9a663547f8e240bae07059cf932
  custom:scripting/monoscript/fileName/PlayAudioEffect.cs: 00bb738034b14a204444973c7a013921 -> 0440b77c81855d6e344e482eb6c7af7e
  custom:scripting/monoscript/fileName/Enemy.cs: 55e62eab2991045b0bcacfe03761ec57 -> 848585670dd5cada5f125876120d8c50
  custom:scripting/monoscript/fileName/Trail Config Scriptable Object.cs: 78f12ed30ed49c943ff8a7e77519b3fb -> 
  custom:scripting/monoscript/fileName/ImpactType.cs: 5827c959c3b94c83ea8cb0f6aae80676 -> 3f39bbe75450299bb6c8f40f91381a1d
  custom:scripting/monoscript/fileName/DamageConfigScriptableObjectPropertyDrawer.cs: 642e9db7cfce23eaa81d9db20174268a -> 29ed1a402778dfee22122f3321ab3496
  custom:scripting/monoscript/fileName/GunPickup.cs: ffc9f72a029f6b4e40ac5d02441bc439 -> b59c37bfaec7d5e55569cc495f206f20
  custom:scripting/monoscript/fileName/SliderWithInput.cs: dc2876dd8543808db56d49bf58b42b20 -> 42750342e5a3c5177dfadc3a10691fa0
  custom:scripting/monoscript/fileName/Ammo Displayer.cs: a3d3a7bb1fb01a2f4778df69feff85b0 -> 
  custom:scripting/monoscript/fileName/FadeOutDecal.cs: 5a52a3c8109935b4ae0307041ea23d08 -> 
  custom:scripting/monoscript/fileName/BulletPenetrationConfigScriptableObjectPropertyDrawer.cs: 804b14044b26636b0812efe66658561f -> b266e6101d6575bb914709486d71e7dc
  custom:video-encoder-webm-vp8: eb34c28f22e8b96e1ab97ce403110664 -> 
  custom:scripting/monoscript/fileName/AmmoDisplayer.cs: 9405eb42726234bc5910c3aa85ead717 -> 0458fb7f0441507e9892a2f6e04e8bd9
  custom:scripting/monoscript/fileName/IDamageable.cs: 0143820b2f653153f25947ad89b8c329 -> 144d583aa1c63fd8cc39df7824ac5b3d
  custom:audio-decoder-ogg-vorbis: bf7c407c2cedff20999df2af8eb42d56 -> 
  custom:scripting/monoscript/fileName/InvalidPathSpecifiedException.cs: 131f0dc635f42d89b5b05fbe988bfb29 -> 89276a9330fcf18a3c4b7f79ea6c0cd0
  custom:scripting/monoscript/fileName/Player Action.cs: a80cb126aeae4eae3279b1ce167414de -> 
  custom:scripting/monoscript/fileName/Player Gun Selector.cs: 96571425e73632567606906c4e4dd21b -> 
  custom:scripting/monoscript/fileName/Bullet.cs: 4e6d5c58b10435ea673435acbbb0da4b -> e17213f521d9d8e6d7102a4ba21ee9c1
  custom:scripting/monoscript/fileName/Enemy Health.cs: a4d027726692f4f1a1dc379aafbb87e2 -> 
  custom:scripting/monoscript/fileName/AbstractAreaOfEffect.cs: d4f7faeacacabfe3cf90fcad5fa19bd0 -> 77c1ce6e1864a956b4d31c259db65594
  custom:scripting/monoscript/fileName/IModifier.cs: e2d40a0e4bcbde4f760f40762f9cd1fc -> 9a7b05eb101c44930a3c4d514118cd8b
  custom:scripting/monoscript/fileName/PlayerAction.cs: 985d39e7b50500d035729d8f75893f37 -> 3932dc7f5d863532d116683e30e5e6f3
  custom:scripting/monoscript/fileName/EnemyMovement.cs: 98c5129cf93758925b0107f10295effd -> fd371b94d0452bed70b0891060a26e5f
  custom:scripting/monoscript/fileName/TrailConfigScriptableObject.cs: 6eab7ed5edad01304f48e9019943cf98 -> a540cb746be867968a226bb3db126824
  custom:scripting/monoscript/fileName/PickUpController.cs: 777d515f181318d223004f3f507611f9 -> 
  custom:scripting/monoscript/fileName/SurfaceType.cs: 0e5c1a9ebcea6d404d1fe3d8fd88ef21 -> 66099f67005033465403c25208937ea4
  custom:scripting/monoscript/fileName/AmmoConfigScriptableObjectPropertyDrawer.cs: 51d8dd6afeeb7fc7bd0f2fe861f2ec2e -> 4d6e3f271617e38807b1e08e5b96dc8f
  custom:audio-encoder-webm-vorbis: bf7c407c2cedff20999df2af8eb42d56 -> 
  custom:scripting/monoscript/fileName/ThirdPersonShooterController.cs: eb7a196ee7e52d156d81d0e5d5898927 -> 
  custom:scripting/monoscript/fileName/SpawnObjectEffect.cs: eeb2926ba0fbcd58f5779732eeb65fce -> 21549e5323461ecc0365665c368541de
  custom:scripting/monoscript/fileName/AmmoConfigScriptableObject.cs: 194e946c0c18a68190c3c5ce5596e8cb -> 61f90f79fd9819093c0a073d1bc0fdd5
  custom:scripting/monoscript/fileName/AbstractValueModifier.cs: 8f6297df34271fdb1ce2d9607ec6261d -> 90647cc400823b41df847a6cbfc29026
  custom:scripting/monoscript/fileName/AudioConfigScriptableObjectPropertyDrawer.cs: c0dc63617eb1d7c60bc39164d18f7b2c -> 3c87e1ee2fcd810e50718bcc64ede80b
  custom:scripting/monoscript/fileName/Spawn Particle System On Death.cs: 41b39abdf758126a5c95e2e5da4f8c27 -> 
  custom:scripting/monoscript/fileName/BulletTarget.cs: 8a42b17f44e363892eac3fceae261b5a -> 
Editor requested this worker to shutdown with reason: Scaling down because of idle timeout
TcpMessagingSession - receive error: operation aborted. errorcode: 995, details: The I/O operation has been aborted because of either a thread exit or an application request.
AssetImportWorker is now disconnected from the server
Process exiting
Exiting without the bug reporter. Application will terminate with return code 0